<?xml version="1.0" encoding="UTF-8"?>
<!-- Generated by org.testng.reporters.JUnitXMLReporter -->
<testsuite hostname="MUNO112173-11" ignored="0" name="Surefire test" tests="1" failures="1" timestamp="2020-02-15T14:13:15 COT" time="14.454" errors="0">
  <testcase name="loginTest" time="14.415" classname="com.herokuapp.theinternet.PositiveTest">
    <failure type="java.lang.AssertionError" message="Messages don&amp;apos;t match. Actual: You logged into a secure area!
× - Expected: You logged into a secure area!
 expected [true] but found [false]">
      <![CDATA[java.lang.AssertionError: Messages don't match. Actual: You logged into a secure area!
× - Expected: You logged into a secure area!
 expected [true] but found [false]
at com.herokuapp.theinternet.PositiveTest.loginTest(PositiveTest.java:53)
at java.util.ArrayList.forEach(ArrayList.java:1257)
... Removed 35 stack frames]]>
    </failure>
  </testcase> <!-- loginTest -->
</testsuite> <!-- Surefire test -->
