<?xml version="1.0" encoding="UTF-8"?>
<!-- Generated by org.testng.reporters.JUnitXMLReporter -->
<testsuite hostname="MUNO112173-11" ignored="0" name="NegativeTests" tests="2" failures="0" timestamp="2020-02-16T04:36:21 COT" time="31.284" errors="0">
  <testcase name="incorrectUsernameTest" time="16.08" classname="com.herokuapp.theinternet.NegativeTests"/>
  <testcase name="incorrectPasswordTest" time="15.197" classname="com.herokuapp.theinternet.NegativeTests"/>
</testsuite> <!-- NegativeTests -->
