<?xml version="1.0" encoding="UTF-8"?>
<!-- Generated by org.testng.reporters.JUnitXMLReporter -->
<testsuite hostname="MUNO112173-11" ignored="0" name="NegativeTests" tests="2" failures="0" timestamp="2020-02-16T03:44:03 COT" time="29.323" errors="0">
  <testcase name="incorrectPasswordTest" time="14.88" classname="com.herokuapp.theinternet.NegativeTests"/>
  <testcase name="incorrectUsernameTest" time="14.44" classname="com.herokuapp.theinternet.NegativeTests"/>
</testsuite> <!-- NegativeTests -->
