-------------------------------------------------------------------------------
Test set: com.herokuapp.theinternet.PositiveTest
-------------------------------------------------------------------------------
Tests run: 1, Failures: 1, Errors: 0, Skipped: 0, Time elapsed: 15.196 s <<< FAILURE! - in com.herokuapp.theinternet.PositiveTest
com.herokuapp.theinternet.PositiveTest.loginTest  Time elapsed: 14.422 s  <<< FAILURE!
java.lang.AssertionError: 
Messages don't match. Actual: You logged into a secure area!
Ã— - Expected: You logged into a secure area!
 expected [true] but found [false]
	at com.herokuapp.theinternet.PositiveTest.loginTest(PositiveTest.java:53)

