<?xml version="1.0" encoding="UTF-8"?>
<testng-results skipped="0" failed="0" ignored="0" total="3" passed="3">
  <reporter-output>
  </reporter-output>
  <suite name="AllTests" duration-ms="45679" started-at="2020-02-16T03:51:00 COT" finished-at="2020-02-16T03:51:45 COT">
    <groups>
    </groups>
    <test name="PositiveTests" duration-ms="16598" started-at="2020-02-16T03:51:00 COT" finished-at="2020-02-16T03:51:16 COT">
      <class name="com.herokuapp.theinternet.PositiveTests">
        <test-method status="PASS" signature="loginTest()[pri:0, instance:com.herokuapp.theinternet.PositiveTests@e45f292]" name="loginTest" duration-ms="16549" started-at="2020-02-16T03:51:00 COT" finished-at="2020-02-16T03:51:16 COT">
          <reporter-output>
          </reporter-output>
        </test-method> <!-- loginTest -->
      </class> <!-- com.herokuapp.theinternet.PositiveTests -->
    </test> <!-- PositiveTests -->
    <test name="NegativeTests" duration-ms="29056" started-at="2020-02-16T03:51:16 COT" finished-at="2020-02-16T03:51:45 COT">
      <class name="com.herokuapp.theinternet.NegativeTests">
        <test-method status="PASS" signature="incorrectPasswordTest()[pri:0, instance:com.herokuapp.theinternet.NegativeTests@dc24521]" name="incorrectPasswordTest" duration-ms="14505" started-at="2020-02-16T03:51:16 COT" finished-at="2020-02-16T03:51:31 COT">
          <reporter-output>
          </reporter-output>
        </test-method> <!-- incorrectPasswordTest -->
        <test-method status="PASS" signature="incorrectUsernameTest()[pri:0, instance:com.herokuapp.theinternet.NegativeTests@dc24521]" name="incorrectUsernameTest" duration-ms="14548" started-at="2020-02-16T03:51:31 COT" finished-at="2020-02-16T03:51:45 COT">
          <reporter-output>
          </reporter-output>
        </test-method> <!-- incorrectUsernameTest -->
      </class> <!-- com.herokuapp.theinternet.NegativeTests -->
    </test> <!-- NegativeTests -->
  </suite> <!-- AllTests -->
</testng-results>
