<?xml version="1.0" encoding="UTF-8"?>
<testng-results skipped="0" failed="0" ignored="0" total="1" passed="1">
  <reporter-output>
  </reporter-output>
  <suite name="PositiveTests" duration-ms="15638" started-at="2020-02-16T04:46:27 COT" finished-at="2020-02-16T04:46:42 COT">
    <groups>
    </groups>
    <test name="PositiveTests" duration-ms="15638" started-at="2020-02-16T04:46:27 COT" finished-at="2020-02-16T04:46:42 COT">
      <class name="com.herokuapp.theinternet.PositiveTests">
        <test-method status="PASS" signature="setUp(java.lang.String)[pri:0, instance:com.herokuapp.theinternet.PositiveTests@67205a84]" name="setUp" is-config="true" duration-ms="6065" started-at="2020-02-16T04:46:27 COT" finished-at="2020-02-16T04:46:33 COT">
          <params>
            <param index="0">
              <value>
                <![CDATA[chrome]]>
              </value>
            </param>
          </params>
          <reporter-output>
          </reporter-output>
        </test-method> <!-- setUp -->
        <test-method status="PASS" signature="loginTest()[pri:0, instance:com.herokuapp.theinternet.PositiveTests@67205a84]" name="loginTest" duration-ms="9542" started-at="2020-02-16T04:46:33 COT" finished-at="2020-02-16T04:46:42 COT">
          <reporter-output>
          </reporter-output>
        </test-method> <!-- loginTest -->
        <test-method status="PASS" signature="tearDown()[pri:0, instance:com.herokuapp.theinternet.PositiveTests@67205a84]" name="tearDown" is-config="true" duration-ms="1" started-at="2020-02-16T04:46:42 COT" finished-at="2020-02-16T04:46:42 COT">
          <reporter-output>
          </reporter-output>
        </test-method> <!-- tearDown -->
      </class> <!-- com.herokuapp.theinternet.PositiveTests -->
    </test> <!-- PositiveTests -->
  </suite> <!-- PositiveTests -->
</testng-results>
